Release 14.7 - xst P.20131013 (nt64)
Copyright (c) 1995-2013 Xilinx, Inc.  All rights reserved.
--> Parameter TMPDIR set to xst/projnav.tmp


Total REAL time to Xst completion: 0.00 secs
Total CPU time to Xst completion: 0.13 secs
 
--> Parameter xsthdpdir set to xst


Total REAL time to Xst completion: 0.00 secs
Total CPU time to Xst completion: 0.13 secs
 
--> Reading design: AFISOR.prj

TABLE OF CONTENTS
  1) Synthesis Options Summary
  2) HDL Parsing
  3) HDL Elaboration
  4) HDL Synthesis
       4.1) HDL Synthesis Report
  5) Advanced HDL Synthesis
       5.1) Advanced HDL Synthesis Report
  6) Low Level Synthesis
  7) Partition Report
  8) Design Summary
       8.1) Primitive and Black Box Usage
       8.2) Device utilization summary
       8.3) Partition Resource Summary
       8.4) Timing Report
            8.4.1) Clock Information
            8.4.2) Asynchronous Control Signals Information
            8.4.3) Timing Summary
            8.4.4) Timing Details
            8.4.5) Cross Clock Domains Report


=========================================================================
*                      Synthesis Options Summary                        *
=========================================================================
---- Source Parameters
Input File Name                    : "AFISOR.prj"
Ignore Synthesis Constraint File   : NO

---- Target Parameters
Output File Name                   : "AFISOR"
Output Format                      : NGC
Target Device                      : xc6slx16-2-csg324

---- Source Options
Top Module Name                    : AFISOR
Automatic FSM Extraction           : YES
FSM Encoding Algorithm             : Auto
Safe Implementation                : No
FSM Style                          : LUT
RAM Extraction                     : Yes
RAM Style                          : Auto
ROM Extraction                     : Yes
Shift Register Extraction          : YES
ROM Style                          : Auto
Resource Sharing                   : YES
Asynchronous To Synchronous        : NO
Shift Register Minimum Size        : 2
Use DSP Block                      : Auto
Automatic Register Balancing       : No

---- Target Options
LUT Combining                      : Auto
Reduce Control Sets                : Auto
Add IO Buffers                     : YES
Global Maximum Fanout              : 100000
Add Generic Clock Buffer(BUFG)     : 16
Register Duplication               : YES
Optimize Instantiated Primitives   : NO
Use Clock Enable                   : Auto
Use Synchronous Set                : Auto
Use Synchronous Reset              : Auto
Pack IO Registers into IOBs        : Auto
Equivalent register Removal        : YES

---- General Options
Optimization Goal                  : Speed
Optimization Effort                : 1
Power Reduction                    : NO
Keep Hierarchy                     : No
Netlist Hierarchy                  : As_Optimized
RTL Output                         : Yes
Global Optimization                : AllClockNets
Read Cores                         : YES
Write Timing Constraints           : NO
Cross Clock Analysis               : NO
Hierarchy Separator                : /
Bus Delimiter                      : <>
Case Specifier                     : Maintain
Slice Utilization Ratio            : 100
BRAM Utilization Ratio             : 100
DSP48 Utilization Ratio            : 100
Auto BRAM Packing                  : NO
Slice Utilization Ratio Delta      : 5

=========================================================================


=========================================================================
*                          HDL Parsing                                  *
=========================================================================
Parsing VHDL file "C:\My_Designs\LIFT\REGISTRU.vhd" into library work
Parsing entity <REGISTRU>.
Parsing architecture <REG> of entity <registru>.
Parsing VHDL file "C:\My_Designs\LIFT\mux16_1.vhd" into library work
Parsing entity <mux16_1>.
Parsing architecture <Mux> of entity <mux16_1>.
Parsing VHDL file "C:\My_Designs\LIFT\DECOD-BCD7.vhd" into library work
Parsing entity <BCD7>.
Parsing architecture <DECODIF> of entity <bcd7>.
Parsing VHDL file "C:\My_Designs\LIFT\SSD-TEST.vhd" into library work
Parsing entity <AFISOR>.
Parsing architecture <afis> of entity <afisor>.

=========================================================================
*                            HDL Elaboration                            *
=========================================================================

Elaborating entity <AFISOR> (architecture <afis>) from library <work>.

Elaborating entity <BCD7> (architecture <DECODIF>) from library <work>.
INFO:HDLCompiler:679 - "C:\My_Designs\LIFT\DECOD-BCD7.vhd" Line 30. Case statement is complete. others clause is never selected

Elaborating entity <mux16_1> (architecture <Mux>) from library <work>.

Elaborating entity <REGISTRU> (architecture <REG>) from library <work>.

=========================================================================
*                           HDL Synthesis                               *
=========================================================================

Synthesizing Unit <AFISOR>.
    Related source file is "C:\My_Designs\LIFT\SSD-TEST.vhd".
    Summary:
	no macro.
Unit <AFISOR> synthesized.

Synthesizing Unit <BCD7>.
    Related source file is "C:\My_Designs\LIFT\DECOD-BCD7.vhd".
    Found 16x7-bit Read Only RAM for signal <DECOD>
    Summary:
	inferred   1 RAM(s).
Unit <BCD7> synthesized.

Synthesizing Unit <mux16_1>.
    Related source file is "C:\My_Designs\LIFT\mux16_1.vhd".
    Summary:
	inferred   6 Multiplexer(s).
Unit <mux16_1> synthesized.

Synthesizing Unit <REGISTRU>.
    Related source file is "C:\My_Designs\LIFT\REGISTRU.vhd".
    Found 32-bit register for signal <k>.
    Found 4-bit register for signal <anod>.
    Found 32-bit adder for signal <k[31]_GND_58_o_add_4_OUT> created at line 29.
    Summary:
	inferred   1 Adder/Subtractor(s).
	inferred  36 D-type flip-flop(s).
	inferred   1 Multiplexer(s).
Unit <REGISTRU> synthesized.

=========================================================================
HDL Synthesis Report

Macro Statistics
# RAMs                                                 : 1
 16x7-bit single-port Read Only RAM                    : 1
# Adders/Subtractors                                   : 1
 32-bit adder                                          : 1
# Registers                                            : 2
 32-bit register                                       : 1
 4-bit register                                        : 1
# Multiplexers                                         : 7
 32-bit 2-to-1 multiplexer                             : 1
 4-bit 2-to-1 multiplexer                              : 6

=========================================================================

=========================================================================
*                       Advanced HDL Synthesis                          *
=========================================================================


Synthesizing (advanced) Unit <BCD7>.
INFO:Xst:3218 - HDL ADVISOR - The RAM <Mram_DECOD> will be implemented on LUTs either because you have described an asynchronous read or because of currently unsupported block RAM features. If you have described an asynchronous read, making it synchronous would allow you to take advantage of available block RAM resources, for optimized device usage and improved timings. Please refer to your documentation for coding guidelines.
    -----------------------------------------------------------------------
    | ram_type           | Distributed                         |          |
    -----------------------------------------------------------------------
    | Port A                                                              |
    |     aspect ratio   | 16-word x 7-bit                     |          |
    |     weA            | connected to signal <GND>           | high     |
    |     addrA          | connected to signal <BCD>           |          |
    |     diA            | connected to signal <GND>           |          |
    |     doA            | connected to signal <DECOD>         |          |
    -----------------------------------------------------------------------
Unit <BCD7> synthesized (advanced).

Synthesizing (advanced) Unit <REGISTRU>.
The following registers are absorbed into counter <k>: 1 register on signal <k>.
Unit <REGISTRU> synthesized (advanced).

=========================================================================
Advanced HDL Synthesis Report

Macro Statistics
# RAMs                                                 : 1
 16x7-bit single-port distributed Read Only RAM        : 1
# Counters                                             : 1
 32-bit up counter                                     : 1
# Registers                                            : 4
 Flip-Flops                                            : 4
# Multiplexers                                         : 7
 32-bit 2-to-1 multiplexer                             : 1
 4-bit 2-to-1 multiplexer                              : 6

=========================================================================

=========================================================================
*                         Low Level Synthesis                           *
=========================================================================

Optimizing unit <AFISOR> ...

Optimizing unit <REGISTRU> ...

Mapping all equations...
Building and optimizing final netlist ...
Found area constraint ratio of 100 (+ 5) on block AFISOR, actual ratio is 0.

Final Macro Processing ...

=========================================================================
Final Register Report

Macro Statistics
# Registers                                            : 36
 Flip-Flops                                            : 36

=========================================================================

=========================================================================
*                           Partition Report                            *
=========================================================================

Partition Implementation Status
-------------------------------

  No Partitions were found in this design.

-------------------------------

=========================================================================
*                            Design Summary                             *
=========================================================================

Top Level Output File Name         : AFISOR.ngc

Primitive and Black Box Usage:
------------------------------
# BELS                             : 152
#      GND                         : 1
#      INV                         : 1
#      LUT1                        : 31
#      LUT2                        : 6
#      LUT3                        : 31
#      LUT4                        : 7
#      LUT6                        : 11
#      MUXCY                       : 31
#      VCC                         : 1
#      XORCY                       : 32
# FlipFlops/Latches                : 36
#      FD                          : 31
#      FDR                         : 1
#      FDS                         : 4
# Clock Buffers                    : 1
#      BUFGP                       : 1
# IO Buffers                       : 20
#      IBUF                        : 9
#      OBUF                        : 11

Device utilization summary:
---------------------------

Selected Device : 6slx16csg324-2 


Slice Logic Utilization: 
 Number of Slice Registers:              36  out of  18224     0%  
 Number of Slice LUTs:                   87  out of   9112     0%  
    Number used as Logic:                87  out of   9112     0%  

Slice Logic Distribution: 
 Number of LUT Flip Flop pairs used:     87
   Number with an unused Flip Flop:      51  out of     87    58%  
   Number with an unused LUT:             0  out of     87     0%  
   Number of fully used LUT-FF pairs:    36  out of     87    41%  
   Number of unique control sets:         2

IO Utilization: 
 Number of IOs:                          21
 Number of bonded IOBs:                  21  out of    232     9%  

Specific Feature Utilization:
 Number of BUFG/BUFGCTRLs:                1  out of     16     6%  

---------------------------
Partition Resource Summary:
---------------------------

  No Partitions were found in this design.

---------------------------


=========================================================================
Timing Report

NOTE: THESE TIMING NUMBERS ARE ONLY A SYNTHESIS ESTIMATE.
      FOR ACCURATE TIMING INFORMATION PLEASE REFER TO THE TRACE REPORT
      GENERATED AFTER PLACE-and-ROUTE.

Clock Information:
------------------
-----------------------------------+------------------------+-------+
Clock Signal                       | Clock buffer(FF name)  | Load  |
-----------------------------------+------------------------+-------+
CLOCK                              | BUFGP                  | 36    |
-----------------------------------+------------------------+-------+

Asynchronous Control Signals Information:
----------------------------------------
No asynchronous control signals found in this design

Timing Summary:
---------------
Speed Grade: -2

   Minimum period: 4.907ns (Maximum Frequency: 203.791MHz)
   Minimum input arrival time before clock: 3.452ns
   Maximum output required time after clock: 7.108ns
   Maximum combinational path delay: 7.401ns

Timing Details:
---------------
All values displayed in nanoseconds (ns)

=========================================================================
Timing constraint: Default period analysis for Clock 'CLOCK'
  Clock period: 4.907ns (frequency: 203.790MHz)
  Total number of paths / destination ports: 1560 / 36
-------------------------------------------------------------------------
Delay:               4.907ns (Levels of Logic = 3)
  Source:            REG/k_25 (FF)
  Destination:       REG/k_0 (FF)
  Source Clock:      CLOCK rising
  Destination Clock: CLOCK rising

  Data Path: REG/k_25 to REG/k_0
                                Gate     Net
    Cell:in->out      fanout   Delay   Delay  Logical Name (Net Name)
    ----------------------------------------  ------------
     FD:C->Q               2   0.525   1.181  REG/k_25 (REG/k_25)
     LUT6:I0->O            2   0.254   1.156  REG/GND_58_o_k[31]_equal_2_o<31>5 (REG/GND_58_o_k[31]_equal_2_o<31>4)
     LUT6:I1->O           17   0.254   1.209  REG/GND_58_o_k[31]_equal_2_o<31>7 (REG/GND_58_o_k[31]_equal_2_o)
     LUT2:I1->O            1   0.254   0.000  REG/Mcount_k_eqn_01 (REG/Mcount_k_eqn_0)
     FDR:D                     0.074          REG/k_0
    ----------------------------------------
    Total                      4.907ns (1.361ns logic, 3.546ns route)
                                       (27.7% logic, 72.3% route)

=========================================================================
Timing constraint: Default OFFSET IN BEFORE for Clock 'CLOCK'
  Total number of paths / destination ports: 36 / 36
-------------------------------------------------------------------------
Offset:              3.452ns (Levels of Logic = 2)
  Source:            RESET (PAD)
  Destination:       REG/k_31 (FF)
  Destination Clock: CLOCK rising

  Data Path: RESET to REG/k_31
                                Gate     Net
    Cell:in->out      fanout   Delay   Delay  Logical Name (Net Name)
    ----------------------------------------  ------------
     IBUF:I->O            36   1.328   1.815  RESET_IBUF (RESET_IBUF)
     LUT3:I0->O            1   0.235   0.000  REG/k_31_glue_rst (REG/k_31_glue_rst)
     FD:D                      0.074          REG/k_31
    ----------------------------------------
    Total                      3.452ns (1.637ns logic, 1.815ns route)
                                       (47.4% logic, 52.6% route)

=========================================================================
Timing constraint: Default OFFSET OUT AFTER for Clock 'CLOCK'
  Total number of paths / destination ports: 116 / 11
-------------------------------------------------------------------------
Offset:              7.108ns (Levels of Logic = 3)
  Source:            REG/anod_3 (FF)
  Destination:       CATOD<6> (PAD)
  Source Clock:      CLOCK rising

  Data Path: REG/anod_3 to CATOD<6>
                                Gate     Net
    Cell:in->out      fanout   Delay   Delay  Logical Name (Net Name)
    ----------------------------------------  ------------
     FDS:C->Q              5   0.525   1.296  REG/anod_3 (REG/anod_3)
     LUT6:I0->O            7   0.254   1.186  MUXX/Mmux_Y11 (b<0>)
     LUT4:I0->O            1   0.254   0.681  DECOD/Mram_DECOD31 (CATOD_3_OBUF)
     OBUF:I->O                 2.912          CATOD_3_OBUF (CATOD<3>)
    ----------------------------------------
    Total                      7.108ns (3.945ns logic, 3.163ns route)
                                       (55.5% logic, 44.5% route)

=========================================================================
Timing constraint: Default path analysis
  Total number of paths / destination ports: 56 / 7
-------------------------------------------------------------------------
Delay:               7.401ns (Levels of Logic = 4)
  Source:            D2<0> (PAD)
  Destination:       CATOD<6> (PAD)

  Data Path: D2<0> to CATOD<6>
                                Gate     Net
    Cell:in->out      fanout   Delay   Delay  Logical Name (Net Name)
    ----------------------------------------  ------------
     IBUF:I->O             1   1.328   0.790  D2_0_IBUF (D2_0_IBUF)
     LUT6:I4->O            7   0.250   1.186  MUXX/Mmux_Y11 (b<0>)
     LUT4:I0->O            1   0.254   0.681  DECOD/Mram_DECOD31 (CATOD_3_OBUF)
     OBUF:I->O                 2.912          CATOD_3_OBUF (CATOD<3>)
    ----------------------------------------
    Total                      7.401ns (4.744ns logic, 2.657ns route)
                                       (64.1% logic, 35.9% route)

=========================================================================

Cross Clock Domains Report:
--------------------------

Clock to Setup on destination clock CLOCK
---------------+---------+---------+---------+---------+
               | Src:Rise| Src:Fall| Src:Rise| Src:Fall|
Source Clock   |Dest:Rise|Dest:Rise|Dest:Fall|Dest:Fall|
---------------+---------+---------+---------+---------+
CLOCK          |    4.907|         |         |         |
---------------+---------+---------+---------+---------+

=========================================================================


Total REAL time to Xst completion: 4.00 secs
Total CPU time to Xst completion: 4.60 secs
 
--> 

Total memory usage is 4452552 kilobytes

Number of errors   :    0 (   0 filtered)
Number of warnings :    0 (   0 filtered)
Number of infos    :    1 (   0 filtered)

