Release 14.7 - xst P.20131013 (nt64)
Copyright (c) 1995-2013 Xilinx, Inc.  All rights reserved.
--> Parameter TMPDIR set to xst/projnav.tmp


Total REAL time to Xst completion: 0.00 secs
Total CPU time to Xst completion: 0.11 secs
 
--> Parameter xsthdpdir set to xst


Total REAL time to Xst completion: 0.00 secs
Total CPU time to Xst completion: 0.11 secs
 
--> Reading design: clock_div.prj

TABLE OF CONTENTS
  1) Synthesis Options Summary
  2) HDL Parsing
  3) HDL Elaboration
  4) HDL Synthesis
       4.1) HDL Synthesis Report
  5) Advanced HDL Synthesis
       5.1) Advanced HDL Synthesis Report
  6) Low Level Synthesis
  7) Partition Report
  8) Design Summary
       8.1) Primitive and Black Box Usage
       8.2) Device utilization summary
       8.3) Partition Resource Summary
       8.4) Timing Report
            8.4.1) Clock Information
            8.4.2) Asynchronous Control Signals Information
            8.4.3) Timing Summary
            8.4.4) Timing Details
            8.4.5) Cross Clock Domains Report


=========================================================================
*                      Synthesis Options Summary                        *
=========================================================================
---- Source Parameters
Input File Name                    : "clock_div.prj"
Ignore Synthesis Constraint File   : NO

---- Target Parameters
Output File Name                   : "clock_div"
Output Format                      : NGC
Target Device                      : xc6slx16-2-csg324

---- Source Options
Top Module Name                    : clock_div
Automatic FSM Extraction           : YES
FSM Encoding Algorithm             : Auto
Safe Implementation                : No
FSM Style                          : LUT
RAM Extraction                     : Yes
RAM Style                          : Auto
ROM Extraction                     : Yes
Shift Register Extraction          : YES
ROM Style                          : Auto
Resource Sharing                   : YES
Asynchronous To Synchronous        : NO
Shift Register Minimum Size        : 2
Use DSP Block                      : Auto
Automatic Register Balancing       : No

---- Target Options
LUT Combining                      : Auto
Reduce Control Sets                : Auto
Add IO Buffers                     : YES
Global Maximum Fanout              : 100000
Add Generic Clock Buffer(BUFG)     : 16
Register Duplication               : YES
Optimize Instantiated Primitives   : NO
Use Clock Enable                   : Auto
Use Synchronous Set                : Auto
Use Synchronous Reset              : Auto
Pack IO Registers into IOBs        : Auto
Equivalent register Removal        : YES

---- General Options
Optimization Goal                  : Speed
Optimization Effort                : 1
Power Reduction                    : NO
Keep Hierarchy                     : No
Netlist Hierarchy                  : As_Optimized
RTL Output                         : Yes
Global Optimization                : AllClockNets
Read Cores                         : YES
Write Timing Constraints           : NO
Cross Clock Analysis               : NO
Hierarchy Separator                : /
Bus Delimiter                      : <>
Case Specifier                     : Maintain
Slice Utilization Ratio            : 100
BRAM Utilization Ratio             : 100
DSP48 Utilization Ratio            : 100
Auto BRAM Packing                  : NO
Slice Utilization Ratio Delta      : 5

=========================================================================


=========================================================================
*                          HDL Parsing                                  *
=========================================================================
Parsing VHDL file "C:\My_Designs\LIFT\Frequency_Divider.vhd" into library work
Parsing entity <clock_div>.
Parsing architecture <Behavioral> of entity <clock_div>.

=========================================================================
*                            HDL Elaboration                            *
=========================================================================

Elaborating entity <clock_div> (architecture <Behavioral>) from library <work>.

=========================================================================
*                           HDL Synthesis                               *
=========================================================================

Synthesizing Unit <clock_div>.
    Related source file is "C:\My_Designs\LIFT\Frequency_Divider.vhd".
    Found 1-bit register for signal <clk_out>.
    Found 28-bit register for signal <divisor>.
    Found 28-bit adder for signal <divisor[27]_GND_5_o_add_0_OUT> created at line 46.
    Found 28-bit comparator greater for signal <n0001> created at line 47
    Summary:
	inferred   1 Adder/Subtractor(s).
	inferred  29 D-type flip-flop(s).
	inferred   1 Comparator(s).
Unit <clock_div> synthesized.

=========================================================================
HDL Synthesis Report

Macro Statistics
# Adders/Subtractors                                   : 1
 28-bit adder                                          : 1
# Registers                                            : 2
 1-bit register                                        : 1
 28-bit register                                       : 1
# Comparators                                          : 1
 28-bit comparator greater                             : 1

=========================================================================

=========================================================================
*                       Advanced HDL Synthesis                          *
=========================================================================


Synthesizing (advanced) Unit <clock_div>.
The following registers are absorbed into counter <divisor>: 1 register on signal <divisor>.
Unit <clock_div> synthesized (advanced).

=========================================================================
Advanced HDL Synthesis Report

Macro Statistics
# Counters                                             : 1
 28-bit up counter                                     : 1
# Registers                                            : 1
 Flip-Flops                                            : 1
# Comparators                                          : 1
 28-bit comparator greater                             : 1

=========================================================================

=========================================================================
*                         Low Level Synthesis                           *
=========================================================================

Optimizing unit <clock_div> ...
WARNING:Xst:1293 - FF/Latch <divisor_27> has a constant value of 0 in block <clock_div>. This FF/Latch will be trimmed during the optimization process.
WARNING:Xst:1896 - Due to other FF/Latch trimming, FF/Latch <divisor_26> has a constant value of 0 in block <clock_div>. This FF/Latch will be trimmed during the optimization process.
WARNING:Xst:1896 - Due to other FF/Latch trimming, FF/Latch <divisor_25> has a constant value of 0 in block <clock_div>. This FF/Latch will be trimmed during the optimization process.
WARNING:Xst:1896 - Due to other FF/Latch trimming, FF/Latch <divisor_24> has a constant value of 0 in block <clock_div>. This FF/Latch will be trimmed during the optimization process.
WARNING:Xst:1896 - Due to other FF/Latch trimming, FF/Latch <divisor_23> has a constant value of 0 in block <clock_div>. This FF/Latch will be trimmed during the optimization process.
WARNING:Xst:1896 - Due to other FF/Latch trimming, FF/Latch <divisor_22> has a constant value of 0 in block <clock_div>. This FF/Latch will be trimmed during the optimization process.
WARNING:Xst:1896 - Due to other FF/Latch trimming, FF/Latch <divisor_21> has a constant value of 0 in block <clock_div>. This FF/Latch will be trimmed during the optimization process.
WARNING:Xst:1896 - Due to other FF/Latch trimming, FF/Latch <divisor_20> has a constant value of 0 in block <clock_div>. This FF/Latch will be trimmed during the optimization process.
WARNING:Xst:1896 - Due to other FF/Latch trimming, FF/Latch <divisor_19> has a constant value of 0 in block <clock_div>. This FF/Latch will be trimmed during the optimization process.
WARNING:Xst:1896 - Due to other FF/Latch trimming, FF/Latch <divisor_18> has a constant value of 0 in block <clock_div>. This FF/Latch will be trimmed during the optimization process.
WARNING:Xst:1896 - Due to other FF/Latch trimming, FF/Latch <divisor_17> has a constant value of 0 in block <clock_div>. This FF/Latch will be trimmed during the optimization process.
WARNING:Xst:1896 - Due to other FF/Latch trimming, FF/Latch <divisor_16> has a constant value of 0 in block <clock_div>. This FF/Latch will be trimmed during the optimization process.
WARNING:Xst:1896 - Due to other FF/Latch trimming, FF/Latch <divisor_15> has a constant value of 0 in block <clock_div>. This FF/Latch will be trimmed during the optimization process.
WARNING:Xst:1896 - Due to other FF/Latch trimming, FF/Latch <divisor_14> has a constant value of 0 in block <clock_div>. This FF/Latch will be trimmed during the optimization process.
WARNING:Xst:1896 - Due to other FF/Latch trimming, FF/Latch <divisor_13> has a constant value of 0 in block <clock_div>. This FF/Latch will be trimmed during the optimization process.
WARNING:Xst:1896 - Due to other FF/Latch trimming, FF/Latch <divisor_12> has a constant value of 0 in block <clock_div>. This FF/Latch will be trimmed during the optimization process.
WARNING:Xst:1896 - Due to other FF/Latch trimming, FF/Latch <divisor_11> has a constant value of 0 in block <clock_div>. This FF/Latch will be trimmed during the optimization process.
WARNING:Xst:1896 - Due to other FF/Latch trimming, FF/Latch <divisor_10> has a constant value of 0 in block <clock_div>. This FF/Latch will be trimmed during the optimization process.
WARNING:Xst:1896 - Due to other FF/Latch trimming, FF/Latch <divisor_9> has a constant value of 0 in block <clock_div>. This FF/Latch will be trimmed during the optimization process.
WARNING:Xst:1896 - Due to other FF/Latch trimming, FF/Latch <divisor_8> has a constant value of 0 in block <clock_div>. This FF/Latch will be trimmed during the optimization process.
WARNING:Xst:1896 - Due to other FF/Latch trimming, FF/Latch <divisor_7> has a constant value of 0 in block <clock_div>. This FF/Latch will be trimmed during the optimization process.
WARNING:Xst:1896 - Due to other FF/Latch trimming, FF/Latch <divisor_6> has a constant value of 0 in block <clock_div>. This FF/Latch will be trimmed during the optimization process.
WARNING:Xst:1896 - Due to other FF/Latch trimming, FF/Latch <divisor_5> has a constant value of 0 in block <clock_div>. This FF/Latch will be trimmed during the optimization process.
WARNING:Xst:1896 - Due to other FF/Latch trimming, FF/Latch <divisor_4> has a constant value of 0 in block <clock_div>. This FF/Latch will be trimmed during the optimization process.
WARNING:Xst:1896 - Due to other FF/Latch trimming, FF/Latch <divisor_3> has a constant value of 0 in block <clock_div>. This FF/Latch will be trimmed during the optimization process.
WARNING:Xst:1896 - Due to other FF/Latch trimming, FF/Latch <divisor_2> has a constant value of 0 in block <clock_div>. This FF/Latch will be trimmed during the optimization process.
WARNING:Xst:1896 - Due to other FF/Latch trimming, FF/Latch <divisor_1> has a constant value of 0 in block <clock_div>. This FF/Latch will be trimmed during the optimization process.
INFO:Xst:2261 - The FF/Latch <clk_out> in Unit <clock_div> is equivalent to the following FF/Latch, which will be removed : <divisor_0> 

Mapping all equations...
Building and optimizing final netlist ...
Found area constraint ratio of 100 (+ 5) on block clock_div, actual ratio is 0.

Final Macro Processing ...

=========================================================================
Final Register Report

Macro Statistics
# Registers                                            : 1
 Flip-Flops                                            : 1

=========================================================================

=========================================================================
*                           Partition Report                            *
=========================================================================

Partition Implementation Status
-------------------------------

  No Partitions were found in this design.

-------------------------------

=========================================================================
*                            Design Summary                             *
=========================================================================

Top Level Output File Name         : clock_div.ngc

Primitive and Black Box Usage:
------------------------------
# BELS                             : 10
#      GND                         : 1
#      LUT1                        : 1
#      MUXCY                       : 7
#      VCC                         : 1
# FlipFlops/Latches                : 1
#      FD                          : 1
# Clock Buffers                    : 1
#      BUFGP                       : 1
# IO Buffers                       : 1
#      OBUF                        : 1

Device utilization summary:
---------------------------

Selected Device : 6slx16csg324-2 


Slice Logic Utilization: 
 Number of Slice Registers:               1  out of  18224     0%  
 Number of Slice LUTs:                    1  out of   9112     0%  
    Number used as Logic:                 1  out of   9112     0%  

Slice Logic Distribution: 
 Number of LUT Flip Flop pairs used:      2
   Number with an unused Flip Flop:       1  out of      2    50%  
   Number with an unused LUT:             1  out of      2    50%  
   Number of fully used LUT-FF pairs:     0  out of      2     0%  
   Number of unique control sets:         1

IO Utilization: 
 Number of IOs:                           2
 Number of bonded IOBs:                   2  out of    232     0%  

Specific Feature Utilization:
 Number of BUFG/BUFGCTRLs:                1  out of     16     6%  

---------------------------
Partition Resource Summary:
---------------------------

  No Partitions were found in this design.

---------------------------


=========================================================================
Timing Report

NOTE: THESE TIMING NUMBERS ARE ONLY A SYNTHESIS ESTIMATE.
      FOR ACCURATE TIMING INFORMATION PLEASE REFER TO THE TRACE REPORT
      GENERATED AFTER PLACE-and-ROUTE.

Clock Information:
------------------
-----------------------------------+------------------------+-------+
Clock Signal                       | Clock buffer(FF name)  | Load  |
-----------------------------------+------------------------+-------+
clk_in                             | BUFGP                  | 1     |
-----------------------------------+------------------------+-------+

Asynchronous Control Signals Information:
----------------------------------------
No asynchronous control signals found in this design

Timing Summary:
---------------
Speed Grade: -2

   Minimum period: 2.172ns (Maximum Frequency: 460.299MHz)
   Minimum input arrival time before clock: No path found
   Maximum output required time after clock: 4.162ns
   Maximum combinational path delay: No path found

Timing Details:
---------------
All values displayed in nanoseconds (ns)

=========================================================================
Timing constraint: Default period analysis for Clock 'clk_in'
  Clock period: 2.172ns (frequency: 460.299MHz)
  Total number of paths / destination ports: 1 / 1
-------------------------------------------------------------------------
Delay:               2.172ns (Levels of Logic = 8)
  Source:            clk_out (FF)
  Destination:       clk_out (FF)
  Source Clock:      clk_in rising
  Destination Clock: clk_in rising

  Data Path: clk_out to clk_out
                                Gate     Net
    Cell:in->out      fanout   Delay   Delay  Logical Name (Net Name)
    ----------------------------------------  ------------
     FD:C->Q               2   0.525   0.726  clk_out (Mcompar_n0001_lut<0>)
     LUT1:I0->O            1   0.254   0.000  Mcompar_n0001_cy<0>_rt (Mcompar_n0001_cy<0>_rt)
     MUXCY:S->O            1   0.215   0.000  Mcompar_n0001_cy<0> (Mcompar_n0001_cy<0>)
     MUXCY:CI->O           1   0.023   0.000  Mcompar_n0001_cy<1> (Mcompar_n0001_cy<1>)
     MUXCY:CI->O           1   0.023   0.000  Mcompar_n0001_cy<2> (Mcompar_n0001_cy<2>)
     MUXCY:CI->O           1   0.023   0.000  Mcompar_n0001_cy<3> (Mcompar_n0001_cy<3>)
     MUXCY:CI->O           1   0.023   0.000  Mcompar_n0001_cy<4> (Mcompar_n0001_cy<4>)
     MUXCY:CI->O           1   0.023   0.000  Mcompar_n0001_cy<5> (Mcompar_n0001_cy<5>)
     MUXCY:CI->O           1   0.262   0.000  Mcompar_n0001_cy<5>_inv1_cy (n0001)
     FD:D                      0.074          clk_out
    ----------------------------------------
    Total                      2.172ns (1.446ns logic, 0.726ns route)
                                       (66.6% logic, 33.4% route)

=========================================================================
Timing constraint: Default OFFSET OUT AFTER for Clock 'clk_in'
  Total number of paths / destination ports: 1 / 1
-------------------------------------------------------------------------
Offset:              4.162ns (Levels of Logic = 1)
  Source:            clk_out (FF)
  Destination:       clk_out (PAD)
  Source Clock:      clk_in rising

  Data Path: clk_out to clk_out
                                Gate     Net
    Cell:in->out      fanout   Delay   Delay  Logical Name (Net Name)
    ----------------------------------------  ------------
     FD:C->Q               2   0.525   0.725  clk_out (Mcompar_n0001_lut<0>)
     OBUF:I->O                 2.912          clk_out_OBUF (clk_out)
    ----------------------------------------
    Total                      4.162ns (3.437ns logic, 0.725ns route)
                                       (82.6% logic, 17.4% route)

=========================================================================

Cross Clock Domains Report:
--------------------------

Clock to Setup on destination clock clk_in
---------------+---------+---------+---------+---------+
               | Src:Rise| Src:Fall| Src:Rise| Src:Fall|
Source Clock   |Dest:Rise|Dest:Rise|Dest:Fall|Dest:Fall|
---------------+---------+---------+---------+---------+
clk_in         |    2.172|         |         |         |
---------------+---------+---------+---------+---------+

=========================================================================


Total REAL time to Xst completion: 4.00 secs
Total CPU time to Xst completion: 3.94 secs
 
--> 

Total memory usage is 4452468 kilobytes

Number of errors   :    0 (   0 filtered)
Number of warnings :   27 (   0 filtered)
Number of infos    :    1 (   0 filtered)

