Release 14.7 - xst P.20131013 (nt64)
Copyright (c) 1995-2013 Xilinx, Inc.  All rights reserved.
--> Parameter TMPDIR set to xst/projnav.tmp


Total REAL time to Xst completion: 0.00 secs
Total CPU time to Xst completion: 0.11 secs
 
--> Parameter xsthdpdir set to xst


Total REAL time to Xst completion: 0.00 secs
Total CPU time to Xst completion: 0.11 secs
 
--> Reading design: RAM.prj

TABLE OF CONTENTS
  1) Synthesis Options Summary
  2) HDL Parsing
  3) HDL Elaboration
  4) HDL Synthesis
       4.1) HDL Synthesis Report
  5) Advanced HDL Synthesis
       5.1) Advanced HDL Synthesis Report
  6) Low Level Synthesis
  7) Partition Report
  8) Design Summary
       8.1) Primitive and Black Box Usage
       8.2) Device utilization summary
       8.3) Partition Resource Summary
       8.4) Timing Report
            8.4.1) Clock Information
            8.4.2) Asynchronous Control Signals Information
            8.4.3) Timing Summary
            8.4.4) Timing Details
            8.4.5) Cross Clock Domains Report


=========================================================================
*                      Synthesis Options Summary                        *
=========================================================================
---- Source Parameters
Input File Name                    : "RAM.prj"
Ignore Synthesis Constraint File   : NO

---- Target Parameters
Output File Name                   : "RAM"
Output Format                      : NGC
Target Device                      : xc6slx16-2-csg324

---- Source Options
Top Module Name                    : RAM
Automatic FSM Extraction           : YES
FSM Encoding Algorithm             : Auto
Safe Implementation                : No
FSM Style                          : LUT
RAM Extraction                     : Yes
RAM Style                          : Auto
ROM Extraction                     : Yes
Shift Register Extraction          : YES
ROM Style                          : Auto
Resource Sharing                   : YES
Asynchronous To Synchronous        : NO
Shift Register Minimum Size        : 2
Use DSP Block                      : Auto
Automatic Register Balancing       : No

---- Target Options
LUT Combining                      : Auto
Reduce Control Sets                : Auto
Add IO Buffers                     : YES
Global Maximum Fanout              : 100000
Add Generic Clock Buffer(BUFG)     : 16
Register Duplication               : YES
Optimize Instantiated Primitives   : NO
Use Clock Enable                   : Auto
Use Synchronous Set                : Auto
Use Synchronous Reset              : Auto
Pack IO Registers into IOBs        : Auto
Equivalent register Removal        : YES

---- General Options
Optimization Goal                  : Speed
Optimization Effort                : 1
Power Reduction                    : NO
Keep Hierarchy                     : No
Netlist Hierarchy                  : As_Optimized
RTL Output                         : Yes
Global Optimization                : AllClockNets
Read Cores                         : YES
Write Timing Constraints           : NO
Cross Clock Analysis               : NO
Hierarchy Separator                : /
Bus Delimiter                      : <>
Case Specifier                     : Maintain
Slice Utilization Ratio            : 100
BRAM Utilization Ratio             : 100
DSP48 Utilization Ratio            : 100
Auto BRAM Packing                  : NO
Slice Utilization Ratio Delta      : 5

=========================================================================


=========================================================================
*                          HDL Parsing                                  *
=========================================================================
Parsing VHDL file "C:\My_Designs\LIFT\ram.vhd" into library work
Parsing entity <RAM>.
Parsing architecture <arh> of entity <ram>.

=========================================================================
*                            HDL Elaboration                            *
=========================================================================

Elaborating entity <RAM> (architecture <arh>) from library <work>.

=========================================================================
*                           HDL Synthesis                               *
=========================================================================

Synthesizing Unit <RAM>.
    Related source file is "C:\My_Designs\LIFT\ram.vhd".
    Found 4-bit register for signal <m<1>>.
    Found 4-bit register for signal <m<2>>.
    Found 4-bit register for signal <m<3>>.
    Found 4-bit register for signal <m<4>>.
    Found 4-bit register for signal <m<5>>.
    Found 4-bit register for signal <m<6>>.
    Found 4-bit register for signal <m<7>>.
    Found 4-bit register for signal <m<8>>.
    Found 4-bit register for signal <m<9>>.
    Found 4-bit register for signal <m<10>>.
    Found 4-bit register for signal <m<11>>.
    Found 4-bit register for signal <m<12>>.
    Found 4-bit register for signal <B>.
    Found 4-bit register for signal <m<0>>.
    Found 4-bit 15-to-1 multiplexer for signal <A2[3]_GND_5_o_wide_mux_14_OUT> created at line 67.
    Summary:
	inferred  56 D-type flip-flop(s).
	inferred   1 Multiplexer(s).
Unit <RAM> synthesized.

=========================================================================
HDL Synthesis Report

Macro Statistics
# Registers                                            : 14
 4-bit register                                        : 14
# Multiplexers                                         : 1
 4-bit 15-to-1 multiplexer                             : 1

=========================================================================

=========================================================================
*                       Advanced HDL Synthesis                          *
=========================================================================


=========================================================================
Advanced HDL Synthesis Report

Macro Statistics
# Registers                                            : 56
 Flip-Flops                                            : 56
# Multiplexers                                         : 1
 4-bit 15-to-1 multiplexer                             : 1

=========================================================================

=========================================================================
*                         Low Level Synthesis                           *
=========================================================================

Optimizing unit <RAM> ...

Mapping all equations...
Building and optimizing final netlist ...
Found area constraint ratio of 100 (+ 5) on block RAM, actual ratio is 0.

Final Macro Processing ...

=========================================================================
Final Register Report

Macro Statistics
# Registers                                            : 56
 Flip-Flops                                            : 56

=========================================================================

=========================================================================
*                           Partition Report                            *
=========================================================================

Partition Implementation Status
-------------------------------

  No Partitions were found in this design.

-------------------------------

=========================================================================
*                            Design Summary                             *
=========================================================================

Top Level Output File Name         : RAM.ngc

Primitive and Black Box Usage:
------------------------------
# BELS                             : 34
#      INV                         : 1
#      LUT3                        : 4
#      LUT5                        : 13
#      LUT6                        : 16
# FlipFlops/Latches                : 56
#      FDE                         : 56
# Clock Buffers                    : 1
#      BUFGP                       : 1
# IO Buffers                       : 17
#      IBUF                        : 13
#      OBUF                        : 4

Device utilization summary:
---------------------------

Selected Device : 6slx16csg324-2 


Slice Logic Utilization: 
 Number of Slice Registers:              56  out of  18224     0%  
 Number of Slice LUTs:                   34  out of   9112     0%  
    Number used as Logic:                34  out of   9112     0%  

Slice Logic Distribution: 
 Number of LUT Flip Flop pairs used:     79
   Number with an unused Flip Flop:      23  out of     79    29%  
   Number with an unused LUT:            45  out of     79    56%  
   Number of fully used LUT-FF pairs:    11  out of     79    13%  
   Number of unique control sets:        14

IO Utilization: 
 Number of IOs:                          18
 Number of bonded IOBs:                  18  out of    232     7%  

Specific Feature Utilization:
 Number of BUFG/BUFGCTRLs:                1  out of     16     6%  

---------------------------
Partition Resource Summary:
---------------------------

  No Partitions were found in this design.

---------------------------


=========================================================================
Timing Report

NOTE: THESE TIMING NUMBERS ARE ONLY A SYNTHESIS ESTIMATE.
      FOR ACCURATE TIMING INFORMATION PLEASE REFER TO THE TRACE REPORT
      GENERATED AFTER PLACE-and-ROUTE.

Clock Information:
------------------
-----------------------------------+------------------------+-------+
Clock Signal                       | Clock buffer(FF name)  | Load  |
-----------------------------------+------------------------+-------+
CLK                                | BUFGP                  | 56    |
-----------------------------------+------------------------+-------+

Asynchronous Control Signals Information:
----------------------------------------
No asynchronous control signals found in this design

Timing Summary:
---------------
Speed Grade: -2

   Minimum period: 2.956ns (Maximum Frequency: 338.295MHz)
   Minimum input arrival time before clock: 4.438ns
   Maximum output required time after clock: 4.118ns
   Maximum combinational path delay: No path found

Timing Details:
---------------
All values displayed in nanoseconds (ns)

=========================================================================
Timing constraint: Default period analysis for Clock 'CLK'
  Clock period: 2.956ns (frequency: 338.295MHz)
  Total number of paths / destination ports: 52 / 4
-------------------------------------------------------------------------
Delay:               2.956ns (Levels of Logic = 2)
  Source:            m_1_0 (FF)
  Destination:       B_0 (FF)
  Source Clock:      CLK rising
  Destination Clock: CLK rising

  Data Path: m_1_0 to B_0
                                Gate     Net
    Cell:in->out      fanout   Delay   Delay  Logical Name (Net Name)
    ----------------------------------------  ------------
     FDE:C->Q              1   0.525   0.958  m_1_0 (m_1_0)
     LUT6:I2->O            1   0.254   0.910  Mmux_A2[3]_GND_5_o_wide_mux_14_OUT_6 (Mmux_A2[3]_GND_5_o_wide_mux_14_OUT_6)
     LUT6:I3->O            1   0.235   0.000  A2<3>4 (A2[3]_GND_5_o_wide_mux_14_OUT<0>)
     FDE:D                     0.074          B_0
    ----------------------------------------
    Total                      2.956ns (1.088ns logic, 1.868ns route)
                                       (36.8% logic, 63.2% route)

=========================================================================
Timing constraint: Default OFFSET IN BEFORE for Clock 'CLK'
  Total number of paths / destination ports: 356 / 112
-------------------------------------------------------------------------
Offset:              4.438ns (Levels of Logic = 3)
  Source:            A2<0> (PAD)
  Destination:       B_0 (FF)
  Destination Clock: CLK rising

  Data Path: A2<0> to B_0
                                Gate     Net
    Cell:in->out      fanout   Delay   Delay  Logical Name (Net Name)
    ----------------------------------------  ------------
     IBUF:I->O            16   1.328   1.637  A2_0_IBUF (A2_0_IBUF)
     LUT6:I0->O            1   0.254   0.910  Mmux_A2[3]_GND_5_o_wide_mux_14_OUT_6 (Mmux_A2[3]_GND_5_o_wide_mux_14_OUT_6)
     LUT6:I3->O            1   0.235   0.000  A2<3>4 (A2[3]_GND_5_o_wide_mux_14_OUT<0>)
     FDE:D                     0.074          B_0
    ----------------------------------------
    Total                      4.438ns (1.891ns logic, 2.547ns route)
                                       (42.6% logic, 57.4% route)

=========================================================================
Timing constraint: Default OFFSET OUT AFTER for Clock 'CLK'
  Total number of paths / destination ports: 4 / 4
-------------------------------------------------------------------------
Offset:              4.118ns (Levels of Logic = 1)
  Source:            B_3 (FF)
  Destination:       B<3> (PAD)
  Source Clock:      CLK rising

  Data Path: B_3 to B<3>
                                Gate     Net
    Cell:in->out      fanout   Delay   Delay  Logical Name (Net Name)
    ----------------------------------------  ------------
     FDE:C->Q              1   0.525   0.681  B_3 (B_3)
     OBUF:I->O                 2.912          B_3_OBUF (B<3>)
    ----------------------------------------
    Total                      4.118ns (3.437ns logic, 0.681ns route)
                                       (83.5% logic, 16.5% route)

=========================================================================

Cross Clock Domains Report:
--------------------------

Clock to Setup on destination clock CLK
---------------+---------+---------+---------+---------+
               | Src:Rise| Src:Fall| Src:Rise| Src:Fall|
Source Clock   |Dest:Rise|Dest:Rise|Dest:Fall|Dest:Fall|
---------------+---------+---------+---------+---------+
CLK            |    2.956|         |         |         |
---------------+---------+---------+---------+---------+

=========================================================================


Total REAL time to Xst completion: 4.00 secs
Total CPU time to Xst completion: 4.06 secs
 
--> 

Total memory usage is 4452468 kilobytes

Number of errors   :    0 (   0 filtered)
Number of warnings :    0 (   0 filtered)
Number of infos    :    0 (   0 filtered)

